<string>:241: UserWarning: TR is in seconds and slice timings are in milliseconds. Converting TR into milliseconds
++ 3dcalc: AFNI version=AFNI_23.3.09 (Dec  4 2023) [64-bit]
++ Authored by: A cast of thousands
++ Output dataset /outputs/working/pipeline_default-5mm/cpac_sub-0025428_ses-1/_scan_rest_run-1/split_128/sub-0025428_ses-1_task-rest_run-1_bold_resample_calc_tshift_0.nii.gz
++ 3dcalc: AFNI version=AFNI_23.3.09 (Dec  4 2023) [64-bit]
++ Authored by: A cast of thousands
++ Output dataset /outputs/working/pipeline_default-5mm/cpac_sub-0025428_ses-1/_scan_rest_run-1/split_128/sub-0025428_ses-1_task-rest_run-1_bold_resample_calc_tshift_1.nii.gz
++ 3dcalc: AFNI version=AFNI_23.3.09 (Dec  4 2023) [64-bit]
++ Authored by: A cast of thousands
++ Output dataset /outputs/working/pipeline_default-5mm/cpac_sub-0025428_ses-1/_scan_rest_run-1/split_128/sub-0025428_ses-1_task-rest_run-1_bold_resample_calc_tshift_2.nii.gz
++ 3dcalc: AFNI version=AFNI_23.3.09 (Dec  4 2023) [64-bit]
++ Authored by: A cast of thousands
++ Output dataset /outputs/working/pipeline_default-5mm/cpac_sub-0025428_ses-1/_scan_rest_run-1/split_128/sub-0025428_ses-1_task-rest_run-1_bold_resample_calc_tshift_3.nii.gz
++ 3dcalc: AFNI version=AFNI_23.3.09 (Dec  4 2023) [64-bit]
++ Authored by: A cast of thousands
++ Output dataset /outputs/working/pipeline_default-5mm/cpac_sub-0025428_ses-1/_scan_rest_run-1/split_128/sub-0025428_ses-1_task-rest_run-1_bold_resample_calc_tshift_4.nii.gz
++ 3dcalc: AFNI version=AFNI_23.3.09 (Dec  4 2023) [64-bit]
++ Authored by: A cast of thousands
++ Output dataset /outputs/working/pipeline_default-5mm/cpac_sub-0025428_ses-1/_scan_rest_run-1/split_128/sub-0025428_ses-1_task-rest_run-1_bold_resample_calc_tshift_5.nii.gz
++ 3dcalc: AFNI version=AFNI_23.3.09 (Dec  4 2023) [64-bit]
++ Authored by: A cast of thousands
++ Output dataset /outputs/working/pipeline_default-5mm/cpac_sub-0025428_ses-1/_scan_rest_run-1/split_128/sub-0025428_ses-1_task-rest_run-1_bold_resample_calc_tshift_6.nii.gz
++ 3dcalc: AFNI version=AFNI_23.3.09 (Dec  4 2023) [64-bit]
++ Authored by: A cast of thousands
++ Output dataset /outputs/working/pipeline_default-5mm/cpac_sub-0025428_ses-1/_scan_rest_run-1/split_128/sub-0025428_ses-1_task-rest_run-1_bold_resample_calc_tshift_7.nii.gz
++ 3dcalc: AFNI version=AFNI_23.3.09 (Dec  4 2023) [64-bit]
++ Authored by: A cast of thousands
++ Output dataset /outputs/working/pipeline_default-5mm/cpac_sub-0025428_ses-1/_scan_rest_run-1/split_128/sub-0025428_ses-1_task-rest_run-1_bold_resample_calc_tshift_8.nii.gz
++ 3dcalc: AFNI version=AFNI_23.3.09 (Dec  4 2023) [64-bit]
++ Authored by: A cast of thousands
++ Output dataset /outputs/working/pipeline_default-5mm/cpac_sub-0025428_ses-1/_scan_rest_run-1/split_128/sub-0025428_ses-1_task-rest_run-1_bold_resample_calc_tshift_9.nii.gz
++ 3dcalc: AFNI version=AFNI_23.3.09 (Dec  4 2023) [64-bit]
++ Authored by: A cast of thousands
++ Output dataset /outputs/working/pipeline_default-5mm/cpac_sub-0025428_ses-1/_scan_rest_run-1/split_128/sub-0025428_ses-1_task-rest_run-1_bold_resample_calc_tshift_10.nii.gz
++ 3dcalc: AFNI version=AFNI_23.3.09 (Dec  4 2023) [64-bit]
++ Authored by: A cast of thousands
++ Output dataset /outputs/working/pipeline_default-5mm/cpac_sub-0025428_ses-1/_scan_rest_run-1/split_128/sub-0025428_ses-1_task-rest_run-1_bold_resample_calc_tshift_11.nii.gz
++ 3dcalc: AFNI version=AFNI_23.3.09 (Dec  4 2023) [64-bit]
++ Authored by: A cast of thousands
++ Output dataset /outputs/working/pipeline_default-5mm/cpac_sub-0025428_ses-1/_scan_rest_run-1/split_128/sub-0025428_ses-1_task-rest_run-1_bold_resample_calc_tshift_12.nii.gz
++ 3dcalc: AFNI version=AFNI_23.3.09 (Dec  4 2023) [64-bit]
++ Authored by: A cast of thousands
++ Output dataset /outputs/working/pipeline_default-5mm/cpac_sub-0025428_ses-1/_scan_rest_run-1/split_128/sub-0025428_ses-1_task-rest_run-1_bold_resample_calc_tshift_13.nii.gz
++ 3dcalc: AFNI version=AFNI_23.3.09 (Dec  4 2023) [64-bit]
++ Authored by: A cast of thousands
++ Output dataset /outputs/working/pipeline_default-5mm/cpac_sub-0025428_ses-1/_scan_rest_run-1/split_128/sub-0025428_ses-1_task-rest_run-1_bold_resample_calc_tshift_14.nii.gz
++ 3dcalc: AFNI version=AFNI_23.3.09 (Dec  4 2023) [64-bit]
++ Authored by: A cast of thousands
++ Output dataset /outputs/working/pipeline_default-5mm/cpac_sub-0025428_ses-1/_scan_rest_run-1/split_128/sub-0025428_ses-1_task-rest_run-1_bold_resample_calc_tshift_15.nii.gz
++ 3dcalc: AFNI version=AFNI_23.3.09 (Dec  4 2023) [64-bit]
++ Authored by: A cast of thousands
++ Output dataset /outputs/working/pipeline_default-5mm/cpac_sub-0025428_ses-1/_scan_rest_run-1/split_128/sub-0025428_ses-1_task-rest_run-1_bold_resample_calc_tshift_16.nii.gz
++ 3dcalc: AFNI version=AFNI_23.3.09 (Dec  4 2023) [64-bit]
++ Authored by: A cast of thousands
++ Output dataset /outputs/working/pipeline_default-5mm/cpac_sub-0025428_ses-1/_scan_rest_run-1/split_128/sub-0025428_ses-1_task-rest_run-1_bold_resample_calc_tshift_17.nii.gz
++ 3dcalc: AFNI version=AFNI_23.3.09 (Dec  4 2023) [64-bit]
++ Authored by: A cast of thousands
++ Output dataset /outputs/working/pipeline_default-5mm/cpac_sub-0025428_ses-1/_scan_rest_run-1/split_128/sub-0025428_ses-1_task-rest_run-1_bold_resample_calc_tshift_18.nii.gz
++ 3dcalc: AFNI version=AFNI_23.3.09 (Dec  4 2023) [64-bit]
++ Authored by: A cast of thousands
++ Output dataset /outputs/working/pipeline_default-5mm/cpac_sub-0025428_ses-1/_scan_rest_run-1/split_128/sub-0025428_ses-1_task-rest_run-1_bold_resample_calc_tshift_19.nii.gz
++ 3dcalc: AFNI version=AFNI_23.3.09 (Dec  4 2023) [64-bit]
++ Authored by: A cast of thousands
++ Output dataset /outputs/working/pipeline_default-5mm/cpac_sub-0025428_ses-1/_scan_rest_run-1/split_128/sub-0025428_ses-1_task-rest_run-1_bold_resample_calc_tshift_20.nii.gz
++ 3dcalc: AFNI version=AFNI_23.3.09 (Dec  4 2023) [64-bit]
++ Authored by: A cast of thousands
++ Output dataset /outputs/working/pipeline_default-5mm/cpac_sub-0025428_ses-1/_scan_rest_run-1/split_128/sub-0025428_ses-1_task-rest_run-1_bold_resample_calc_tshift_21.nii.gz
++ 3dcalc: AFNI version=AFNI_23.3.09 (Dec  4 2023) [64-bit]
++ Authored by: A cast of thousands
++ Output dataset /outputs/working/pipeline_default-5mm/cpac_sub-0025428_ses-1/_scan_rest_run-1/split_128/sub-0025428_ses-1_task-rest_run-1_bold_resample_calc_tshift_22.nii.gz
++ 3dcalc: AFNI version=AFNI_23.3.09 (Dec  4 2023) [64-bit]
++ Authored by: A cast of thousands
++ Output dataset /outputs/working/pipeline_default-5mm/cpac_sub-0025428_ses-1/_scan_rest_run-1/split_128/sub-0025428_ses-1_task-rest_run-1_bold_resample_calc_tshift_23.nii.gz
++ 3dcalc: AFNI version=AFNI_23.3.09 (Dec  4 2023) [64-bit]
++ Authored by: A cast of thousands
++ Output dataset /outputs/working/pipeline_default-5mm/cpac_sub-0025428_ses-1/_scan_rest_run-1/split_128/sub-0025428_ses-1_task-rest_run-1_bold_resample_calc_tshift_24.nii.gz
++ 3dcalc: AFNI version=AFNI_23.3.09 (Dec  4 2023) [64-bit]
++ Authored by: A cast of thousands
++ Output dataset /outputs/working/pipeline_default-5mm/cpac_sub-0025428_ses-1/_scan_rest_run-1/split_128/sub-0025428_ses-1_task-rest_run-1_bold_resample_calc_tshift_25.nii.gz
++ 3dcalc: AFNI version=AFNI_23.3.09 (Dec  4 2023) [64-bit]
++ Authored by: A cast of thousands
++ Output dataset /outputs/working/pipeline_default-5mm/cpac_sub-0025428_ses-1/_scan_rest_run-1/split_128/sub-0025428_ses-1_task-rest_run-1_bold_resample_calc_tshift_26.nii.gz
++ 3dcalc: AFNI version=AFNI_23.3.09 (Dec  4 2023) [64-bit]
++ Authored by: A cast of thousands
++ Output dataset /outputs/working/pipeline_default-5mm/cpac_sub-0025428_ses-1/_scan_rest_run-1/split_128/sub-0025428_ses-1_task-rest_run-1_bold_resample_calc_tshift_27.nii.gz
++ 3dcalc: AFNI version=AFNI_23.3.09 (Dec  4 2023) [64-bit]
++ Authored by: A cast of thousands
++ Output dataset /outputs/working/pipeline_default-5mm/cpac_sub-0025428_ses-1/_scan_rest_run-1/split_128/sub-0025428_ses-1_task-rest_run-1_bold_resample_calc_tshift_28.nii.gz
++ 3dcalc: AFNI version=AFNI_23.3.09 (Dec  4 2023) [64-bit]
++ Authored by: A cast of thousands
++ Output dataset /outputs/working/pipeline_default-5mm/cpac_sub-0025428_ses-1/_scan_rest_run-1/split_128/sub-0025428_ses-1_task-rest_run-1_bold_resample_calc_tshift_29.nii.gz
/code/CPAC/nuisance/nuisance.py:287: UserWarning: loadtxt: input contained no data: "/outputs/working/pipeline_default-5mm/cpac_sub-0025428_ses-1/nuisance_regressors_default_183/_scan_rest_run-1/CerebrospinalFluid_mean/sub-0025428_ses-1_task-rest_run-1_bold_resample_calc_tshift_0_volreg_tcat_calc_maths_flirt_roistat.1D"
  regressors = np.loadtxt(regressor_file)
Traceback (most recent call last):
  File "/code/CPAC/pipeline/cpac_pipeline.py", line 574, in run_workflow
    workflow_result = workflow.run(plugin=plugin,
  File "/usr/share/fsl/6.0/lib/python3.10/site-packages/nipype/pipeline/engine/workflows.py", line 638, in run
    runner.run(execgraph, updatehash=updatehash, config=self.config)
  File "/usr/share/fsl/6.0/lib/python3.10/site-packages/nipype/pipeline/plugins/base.py", line 178, in run
    self._clean_queue(jobid, graph, result=result)
  File "/usr/share/fsl/6.0/lib/python3.10/site-packages/nipype/pipeline/plugins/base.py", line 256, in _clean_queue
    raise RuntimeError("".join(result["traceback"]))
RuntimeError: Traceback (most recent call last):
  File "/usr/share/fsl/6.0/lib/python3.10/site-packages/nipype/pipeline/plugins/multiproc.py", line 67, in run_node
    result["result"] = node.run(updatehash=updatehash)
  File "/code/CPAC/pipeline/nipype_pipeline_engine/engine.py", line 428, in run
    return super().run(updatehash)
  File "/usr/share/fsl/6.0/lib/python3.10/site-packages/nipype/pipeline/engine/nodes.py", line 527, in run
    result = self._run_interface(execute=True)
  File "/usr/share/fsl/6.0/lib/python3.10/site-packages/nipype/pipeline/engine/nodes.py", line 645, in _run_interface
    return self._run_command(execute)
  File "/usr/share/fsl/6.0/lib/python3.10/site-packages/nipype/pipeline/engine/nodes.py", line 771, in _run_command
    raise NodeExecutionError(msg)
nipype.pipeline.engine.nodes.NodeExecutionError: Exception raised while executing Node build_nuisance_regressors.

Traceback:
	Traceback (most recent call last):
	  File "/usr/share/fsl/6.0/lib/python3.10/site-packages/nipype/interfaces/base/core.py", line 397, in run
	    runtime = self._run_interface(runtime)
	  File "/code/CPAC/utils/interfaces/function/function.py", line 216, in _run_interface
	    out = function_handle(**args)
	  File "/code/CPAC/nuisance/nuisance.py", line 294, in gather_nuisance
	    raise ValueError("Number of time points in {0} ({1}) is "
	ValueError: Number of time points in /outputs/working/pipeline_default-5mm/cpac_sub-0025428_ses-1/nuisance_regressors_default_183/_scan_rest_run-1/CerebrospinalFluid_mean/sub-0025428_ses-1_task-rest_run-1_bold_resample_calc_tshift_0_volreg_tcat_calc_maths_flirt_roistat.1D (0) is inconsistent with length of functional file /outputs/working/pipeline_default-5mm/cpac_sub-0025428_ses-1/_scan_rest_run-1/func_normalize_139/sub-0025428_ses-1_task-rest_run-1_bold_resample_calc_tshift_0_volreg_tcat_calc_maths.nii.gz (300)


/code/CPAC/utils/monitoring/draw_gantt_chart.py:105: Warning: 'Event logged twice or events started at exact same time!'
  warn(str(KeyError(err_msg)), category=Warning)
